I, [2023-04-21T12:38:46.382771 #26513]  INFO -- Kitchen: -----> Starting Test Kitchen (v3.5.0)
I, [2023-04-21T12:38:46.631514 #26513]  INFO -- Kitchen: -----> Cleaning up any prior instances of <default-Ubuntu>
I, [2023-04-21T12:38:46.631897 #26513]  INFO -- Kitchen: -----> Destroying <default-Ubuntu>...
I, [2023-04-21T12:38:46.632823 #26513]  INFO -- Kitchen: -----> Testing <default-Ubuntu>
I, [2023-04-21T12:38:46.633041 #26513]  INFO -- Kitchen: -----> Creating <default-Ubuntu>...
I, [2023-04-21T12:38:46.853817 #26513]  INFO -- Kitchen: #1 [internal] load .dockerignore
I, [2023-04-21T12:38:46.854025 #26513]  INFO -- Kitchen: #1 transferring context: 2B done
I, [2023-04-21T12:38:46.854113 #26513]  INFO -- Kitchen: #1 DONE 0.0s
I, [2023-04-21T12:38:46.854181 #26513]  INFO -- Kitchen: 
I, [2023-04-21T12:38:46.854319 #26513]  INFO -- Kitchen: #2 [internal] load build definition from Dockerfile-kitchen20230421-26513-d92qvp
I, [2023-04-21T12:38:46.854335 #26513]  INFO -- Kitchen: #2 transferring dockerfile: 1.52kB 0.0s done
I, [2023-04-21T12:38:46.854345 #26513]  INFO -- Kitchen: #2 DONE 0.1s
I, [2023-04-21T12:38:46.854368 #26513]  INFO -- Kitchen: 
I, [2023-04-21T12:38:46.854376 #26513]  INFO -- Kitchen: #3 [internal] load metadata for docker.io/library/ubuntu:20.04
I, [2023-04-21T12:38:46.854424 #26513]  INFO -- Kitchen: #3 DONE 0.0s
I, [2023-04-21T12:38:46.854435 #26513]  INFO -- Kitchen: 
I, [2023-04-21T12:38:46.854443 #26513]  INFO -- Kitchen: #4 [ 1/15] FROM docker.io/library/ubuntu:20.04
I, [2023-04-21T12:38:46.854454 #26513]  INFO -- Kitchen: #4 DONE 0.0s
I, [2023-04-21T12:38:46.854461 #26513]  INFO -- Kitchen: 
I, [2023-04-21T12:38:46.854468 #26513]  INFO -- Kitchen: #5 [10/15] RUN chmod 0700 /home/kitchen/.ssh
I, [2023-04-21T12:38:46.854481 #26513]  INFO -- Kitchen: #5 CACHED
I, [2023-04-21T12:38:46.854494 #26513]  INFO -- Kitchen: 
I, [2023-04-21T12:38:46.854501 #26513]  INFO -- Kitchen: #6 [14/15] RUN mkdir -p /run/sshd
I, [2023-04-21T12:38:46.854515 #26513]  INFO -- Kitchen: #6 CACHED
I, [2023-04-21T12:38:46.854523 #26513]  INFO -- Kitchen: 
I, [2023-04-21T12:38:46.854545 #26513]  INFO -- Kitchen: #7 [ 6/15] RUN echo "kitchen ALL=(ALL) NOPASSWD: ALL" >> /etc/sudoers.d/kitchen
I, [2023-04-21T12:38:46.854560 #26513]  INFO -- Kitchen: #7 CACHED
I, [2023-04-21T12:38:46.854567 #26513]  INFO -- Kitchen: 
I, [2023-04-21T12:38:46.854586 #26513]  INFO -- Kitchen: #8 [ 7/15] RUN echo "Defaults !requiretty" >> /etc/sudoers.d/kitchen
I, [2023-04-21T12:38:46.854599 #26513]  INFO -- Kitchen: #8 CACHED
I, [2023-04-21T12:38:46.854607 #26513]  INFO -- Kitchen: 
I, [2023-04-21T12:38:46.854615 #26513]  INFO -- Kitchen: #9 [11/15] RUN touch /home/kitchen/.ssh/authorized_keys
I, [2023-04-21T12:38:46.854638 #26513]  INFO -- Kitchen: #9 CACHED
I, [2023-04-21T12:38:46.854645 #26513]  INFO -- Kitchen: 
I, [2023-04-21T12:38:46.854659 #26513]  INFO -- Kitchen: #10 [ 4/15] RUN apt-get install -y sudo openssh-server curl lsb-release
I, [2023-04-21T12:38:46.854678 #26513]  INFO -- Kitchen: #10 CACHED
I, [2023-04-21T12:38:46.854685 #26513]  INFO -- Kitchen: 
I, [2023-04-21T12:38:46.854708 #26513]  INFO -- Kitchen: #11 [ 9/15] RUN chown -R kitchen /home/kitchen/.ssh
I, [2023-04-21T12:38:46.854739 #26513]  INFO -- Kitchen: #11 CACHED
I, [2023-04-21T12:38:46.854746 #26513]  INFO -- Kitchen: 
I, [2023-04-21T12:38:46.854753 #26513]  INFO -- Kitchen: #12 [12/15] RUN chown kitchen /home/kitchen/.ssh/authorized_keys
I, [2023-04-21T12:38:46.854759 #26513]  INFO -- Kitchen: #12 CACHED
I, [2023-04-21T12:38:46.854765 #26513]  INFO -- Kitchen: 
I, [2023-04-21T12:38:46.854811 #26513]  INFO -- Kitchen: #13 [13/15] RUN chmod 0600 /home/kitchen/.ssh/authorized_keys
I, [2023-04-21T12:38:46.854822 #26513]  INFO -- Kitchen: #13 CACHED
I, [2023-04-21T12:38:46.854829 #26513]  INFO -- Kitchen: 
I, [2023-04-21T12:38:46.854842 #26513]  INFO -- Kitchen: #14 [ 2/15] RUN [ ! -f "/sbin/initctl" ] || dpkg-divert --local --rename --add /sbin/initctl                 && ln -sf /bin/true /sbin/initctl
I, [2023-04-21T12:38:46.854852 #26513]  INFO -- Kitchen: #14 CACHED
I, [2023-04-21T12:38:46.854863 #26513]  INFO -- Kitchen: 
I, [2023-04-21T12:38:46.854902 #26513]  INFO -- Kitchen: #15 [ 8/15] RUN mkdir -p /home/kitchen/.ssh
I, [2023-04-21T12:38:46.854912 #26513]  INFO -- Kitchen: #15 CACHED
I, [2023-04-21T12:38:46.854920 #26513]  INFO -- Kitchen: 
I, [2023-04-21T12:38:46.854927 #26513]  INFO -- Kitchen: #16 [ 3/15] RUN apt-get update
I, [2023-04-21T12:38:46.854933 #26513]  INFO -- Kitchen: #16 CACHED
I, [2023-04-21T12:38:46.855771 #26513]  INFO -- Kitchen: 
I, [2023-04-21T12:38:46.855803 #26513]  INFO -- Kitchen: #17 [ 5/15] RUN if ! getent passwd kitchen; then                   useradd -d /home/kitchen -m -s /bin/bash -p '*' kitchen;                 fi
I, [2023-04-21T12:38:46.855823 #26513]  INFO -- Kitchen: #17 CACHED
I, [2023-04-21T12:38:46.855833 #26513]  INFO -- Kitchen: 
I, [2023-04-21T12:38:46.855841 #26513]  INFO -- Kitchen: #18 [15/15] RUN echo ssh-rsa AAAAB3NzaC1yc2EAAAADAQABAAABAQDvkR+CEDHepCRYjXUAq2I1jawSpVQ4U3zTu7K3HDmCzow0XsiYSXYOM8XVA4NzNHAQbCXqoZ9C9eRGBcb3lPiE2Nr9duVWuwWeTCdVAWQ76EOqaY8+zNv3SqDqU086d6OyKlvPQWfoiYfusubudy2v654g5TjW7B6GNHTLgO7Pq+xNaz5llNVKn8CP47n7EmS8akxglUiqJQXFraYmvCsMdbysVtp9jFFL1L0H1xs/0cFyEkMDpSGpMfN+qs52wa+DGvipkvSl5T09/5I1dVZorKTcZ1oHlkfgBqG8KjTWslBC2es0t40a7g6w2tofHzF7D6ex0ZcdlLU8OlWB5ofL kitchen_docker_key >> /home/kitchen/.ssh/authorized_keys
I, [2023-04-21T12:38:46.855852 #26513]  INFO -- Kitchen: #18 CACHED
I, [2023-04-21T12:38:46.855880 #26513]  INFO -- Kitchen: 
I, [2023-04-21T12:38:46.855890 #26513]  INFO -- Kitchen: #19 exporting to image
I, [2023-04-21T12:38:46.855899 #26513]  INFO -- Kitchen: #19 exporting layers done
I, [2023-04-21T12:38:46.855907 #26513]  INFO -- Kitchen: #19 writing image sha256:da6f687c9903a6f37753ce75291094ad41d761891897e45d89208c84a45190db done
I, [2023-04-21T12:38:46.855914 #26513]  INFO -- Kitchen: #19 DONE 0.0s
I, [2023-04-21T12:38:46.954662 #26513]  INFO -- Kitchen: 7eb106ae0a7aff11ecf8e3033626b495b6559deb83c9568cc96dae6b79eb4b7d
I, [2023-04-21T12:38:47.339217 #26513]  INFO -- Kitchen: 0.0.0.0:32770
I, [2023-04-21T12:38:47.339287 #26513]  INFO -- Kitchen: [::]:32770
I, [2023-04-21T12:38:47.408093 #26513]  INFO -- Kitchen: -----> Converging <default-Ubuntu>...
I, [2023-04-21T12:40:06.878534 #26513]  INFO -- Kitchen: -----> Setting up <default-Ubuntu>...
I, [2023-04-21T12:40:06.879519 #26513]  INFO -- Kitchen: -----> Verifying <default-Ubuntu>...
I, [2023-04-21T12:40:13.423052 #26513]  INFO -- Kitchen: -----> Destroying <default-Ubuntu>...
I, [2023-04-21T12:40:13.423239 #26513]  INFO -- Kitchen: [Docker] Destroying Docker container 7eb106ae0a7aff11ecf8e3033626b495b6559deb83c9568cc96dae6b79eb4b7d
I, [2023-04-21T12:40:13.499191 #26513]  INFO -- Kitchen: UID                 PID                 PPID                C                   STIME               TTY                 TIME                CMD
I, [2023-04-21T12:40:13.499295 #26513]  INFO -- Kitchen: root                26684               26651               0                   12:38               ?                   00:00:00            sshd: /usr/sbin/sshd -D -o UseDNS=no -o UsePAM=no -o PasswordAuthentication=yes -o UsePrivilegeSeparation=no -o PidFile=/tmp/sshd.pid [listener] 0 of 10-100 startups
I, [2023-04-21T12:40:13.499311 #26513]  INFO -- Kitchen: root                26728               26684               0                   12:38               ?                   00:00:00            sshd: kitchen [priv]
I, [2023-04-21T12:40:13.499322 #26513]  INFO -- Kitchen: vagrant             26730               26728               0                   12:38               ?                   00:00:00            sshd: kitchen@notty
I, [2023-04-21T12:40:13.499342 #26513]  INFO -- Kitchen: root                29708               26684               0                   12:40               ?                   00:00:00            nginx: master process /usr/sbin/nginx
I, [2023-04-21T12:40:13.499355 #26513]  INFO -- Kitchen: www-data            29709               29708               0                   12:40               ?                   00:00:00            nginx: worker process
I, [2023-04-21T12:40:13.863931 #26513]  INFO -- Kitchen: 7eb106ae0a7aff11ecf8e3033626b495b6559deb83c9568cc96dae6b79eb4b7d
I, [2023-04-21T12:40:14.515405 #26513]  INFO -- Kitchen: 7eb106ae0a7aff11ecf8e3033626b495b6559deb83c9568cc96dae6b79eb4b7d
I, [2023-04-21T12:40:14.527567 #26513]  INFO -- Kitchen: -----> Test Kitchen is finished. (1m28.14s)
